[2021-03-27 19:06:18.515] [exthost] [info] extension host started
[2021-03-27 19:06:18.552] [exthost] [info] ExtensionService#_doActivateExtension vscode.emmet {"startup":false,"extensionId":{"value":"vscode.emmet","_lower":"vscode.emmet"},"activationEvent":"onLanguage:html"}
[2021-03-27 19:06:18.552] [exthost] [info] ExtensionService#loadCommonJSModule file:///home/miggys12/.vscode-server/bin/2b9aebd5354a3629c3aba0a5f5df49f43d6689f8/extensions/emmet/dist/node/emmetNodeMain
[2021-03-27 19:06:18.563] [exthost] [info] ExtensionService#_doActivateExtension vscode.html-language-features {"startup":false,"extensionId":{"value":"vscode.html-language-features","_lower":"vscode.html-language-features"},"activationEvent":"onLanguage:html"}
[2021-03-27 19:06:18.563] [exthost] [info] ExtensionService#loadCommonJSModule file:///home/miggys12/.vscode-server/bin/2b9aebd5354a3629c3aba0a5f5df49f43d6689f8/extensions/html-language-features/client/dist/node/htmlClientMain
[2021-03-27 19:06:18.598] [exthost] [info] ExtensionService#_doActivateExtension vscode.debug-auto-launch {"startup":true,"extensionId":{"value":"vscode.debug-auto-launch","_lower":"vscode.debug-auto-launch"},"activationEvent":"*"}
[2021-03-27 19:06:18.598] [exthost] [info] ExtensionService#loadCommonJSModule file:///home/miggys12/.vscode-server/bin/2b9aebd5354a3629c3aba0a5f5df49f43d6689f8/extensions/debug-auto-launch/dist/extension
[2021-03-27 19:06:18.602] [exthost] [info] ExtensionService#_doActivateExtension vscode.git {"startup":true,"extensionId":{"value":"vscode.github","_lower":"vscode.github"},"activationEvent":"*"}
[2021-03-27 19:06:18.602] [exthost] [info] ExtensionService#loadCommonJSModule file:///home/miggys12/.vscode-server/bin/2b9aebd5354a3629c3aba0a5f5df49f43d6689f8/extensions/git/dist/main
[2021-03-27 19:06:18.658] [exthost] [info] ExtensionService#_doActivateExtension hbenl.vscode-test-explorer {"startup":true,"extensionId":{"value":"hbenl.vscode-test-explorer","_lower":"hbenl.vscode-test-explorer"},"activationEvent":"*"}
[2021-03-27 19:06:18.658] [exthost] [info] ExtensionService#loadCommonJSModule file:///home/miggys12/.vscode-server/extensions/hbenl.vscode-test-explorer-2.19.6/out/main.js
[2021-03-27 19:06:18.684] [exthost] [info] ExtensionService#_doActivateExtension vscode.npm {"startup":true,"extensionId":{"value":"vscode.npm","_lower":"vscode.npm"},"activationEvent":"workspaceContains:package.json"}
[2021-03-27 19:06:18.684] [exthost] [info] ExtensionService#loadCommonJSModule file:///home/miggys12/.vscode-server/bin/2b9aebd5354a3629c3aba0a5f5df49f43d6689f8/extensions/npm/dist/npmMain
[2021-03-27 19:06:18.891] [exthost] [info] ExtensionService#_doActivateExtension vscode.github {"startup":true,"extensionId":{"value":"vscode.github","_lower":"vscode.github"},"activationEvent":"*"}
[2021-03-27 19:06:18.891] [exthost] [info] ExtensionService#loadCommonJSModule file:///home/miggys12/.vscode-server/bin/2b9aebd5354a3629c3aba0a5f5df49f43d6689f8/extensions/github/dist/extension.js
[2021-03-27 19:06:19.034] [exthost] [info] ExtensionService#_doActivateExtension connorshea.vscode-ruby-test-adapter {"startup":true,"extensionId":{"value":"connorshea.vscode-ruby-test-adapter","_lower":"connorshea.vscode-ruby-test-adapter"},"activationEvent":"workspaceContains:**/Rakefile,**/Gemfile,**/*.rb"}
[2021-03-27 19:06:19.034] [exthost] [info] ExtensionService#loadCommonJSModule file:///home/miggys12/.vscode-server/extensions/connorshea.vscode-ruby-test-adapter-0.8.0/out/main.js
[2021-03-27 19:06:19.084] [exthost] [info] ExtensionService#_doActivateExtension ms-vscode.js-debug {"startup":false,"extensionId":{"value":"ms-vscode.js-debug","_lower":"ms-vscode.js-debug"},"activationEvent":"onCommand:extension.js-debug.clearAutoAttachVariables"}
[2021-03-27 19:06:19.085] [exthost] [info] ExtensionService#loadCommonJSModule file:///home/miggys12/.vscode-server/bin/2b9aebd5354a3629c3aba0a5f5df49f43d6689f8/extensions/ms-vscode.js-debug/src/extension.js
[2021-03-27 19:06:19.740] [exthost] [info] ExtensionService#_doActivateExtension vscode.merge-conflict {"startup":false,"extensionId":{"value":"vscode.merge-conflict","_lower":"vscode.merge-conflict"},"activationEvent":"onStartupFinished"}
[2021-03-27 19:06:19.740] [exthost] [info] ExtensionService#loadCommonJSModule file:///home/miggys12/.vscode-server/bin/2b9aebd5354a3629c3aba0a5f5df49f43d6689f8/extensions/merge-conflict/dist/mergeConflictMain
[2021-03-27 19:06:19.744] [exthost] [info] ExtensionService#_doActivateExtension vscode.testing-editor-contributions {"startup":false,"extensionId":{"value":"vscode.testing-editor-contributions","_lower":"vscode.testing-editor-contributions"},"activationEvent":"onStartupFinished"}
[2021-03-27 19:06:19.744] [exthost] [info] ExtensionService#loadCommonJSModule file:///home/miggys12/.vscode-server/bin/2b9aebd5354a3629c3aba0a5f5df49f43d6689f8/extensions/testing-editor-contributions/dist/extension.js
[2021-03-27 19:06:19.745] [exthost] [info] eager extensions activated
[2021-03-27 19:06:42.919] [exthost] [info] ExtensionService#_doActivateExtension rebornix.ruby {"startup":false,"extensionId":{"value":"rebornix.ruby","_lower":"rebornix.ruby"},"activationEvent":"onLanguage:ruby"}
[2021-03-27 19:06:42.919] [exthost] [info] ExtensionService#loadCommonJSModule file:///home/miggys12/.vscode-server/extensions/rebornix.ruby-0.28.1/dist/client/ruby.js
[2021-03-27 19:06:44.124] [exthost] [error] [vscode.html-language-features] provider FAILED
[2021-03-27 19:06:44.124] [exthost] [error] Canceled: Canceled
	at b.makeCancelError (/home/miggys12/.vscode-server/bin/2b9aebd5354a3629c3aba0a5f5df49f43d6689f8/extensions/html-language-features/client/dist/node/htmlClientMain.js:1:64047)
	at b.handleFailedRequest (/home/miggys12/.vscode-server/bin/2b9aebd5354a3629c3aba0a5f5df49f43d6689f8/extensions/html-language-features/client/dist/node/htmlClientMain.js:1:63898)
	at /home/miggys12/.vscode-server/bin/2b9aebd5354a3629c3aba0a5f5df49f43d6689f8/extensions/html-language-features/client/dist/node/htmlClientMain.js:1:24240
[2021-03-27 19:09:23.727] [exthost] [info] extension host terminating: received terminate message from renderer
[2021-03-27 19:09:24.737] [exthost] [info] exiting with code 0
