Looking for git in: git
Using git 2.25.1 from git
> git rev-parse --git-dir
Open repository: /home/miggys12/phase-0-html-document-structure-lab
> git status -z -u
> git symbolic-ref --short HEAD
> git for-each-ref --format=%(refname)%00%(upstream:short)%00%(upstream:track)%00%(objectname) refs/heads/master refs/remotes/master
> git for-each-ref --sort -committerdate --format %(refname) %(objectname) %(*objectname)
> git remote --verbose
Warning: Failed to watch ref '/home/miggys12/phase-0-html-document-structure-lab/.git/refs/remotes/origin/master', is most likely packed.
> git config --get commit.template
> git rev-parse --git-dir
Open repository: /home/miggys12/.nvm
> git status -z -u
> git symbolic-ref --short HEAD
fatal: ref HEAD is not a symbolic ref
> git rev-parse HEAD
> git for-each-ref --sort -committerdate --format %(refname) %(objectname) %(*objectname)
> git remote --verbose
> git config --get commit.template
> git rev-parse --git-dir
Open repository: /home/miggys12/git-basics-lab-phase-0
> git status -z -u
> git symbolic-ref --short HEAD
> git for-each-ref --format=%(refname)%00%(upstream:short)%00%(upstream:track)%00%(objectname) refs/heads/master refs/remotes/master
> git for-each-ref --sort -committerdate --format %(refname) %(objectname) %(*objectname)
> git remote --verbose
Warning: Failed to watch ref '/home/miggys12/git-basics-lab-phase-0/.git/refs/remotes/origin/master', is most likely packed.
> git config --get commit.template
> git rev-parse --git-dir
Open repository: /home/miggys12/phase-0-completing-assignments
> git status -z -u
> git symbolic-ref --short HEAD
> git for-each-ref --format=%(refname)%00%(upstream:short)%00%(upstream:track)%00%(objectname) refs/heads/master refs/remotes/master
> git for-each-ref --sort -committerdate --format %(refname) %(objectname) %(*objectname)
> git remote --verbose
> git config --get commit.template
> git rev-parse --git-dir
Open repository: /home/miggys12/phase-0-html-experiencing-html-lab
> git status -z -u
> git symbolic-ref --short HEAD
> git for-each-ref --format=%(refname)%00%(upstream:short)%00%(upstream:track)%00%(objectname) refs/heads/master refs/remotes/master
> git for-each-ref --sort -committerdate --format %(refname) %(objectname) %(*objectname)
> git remote --verbose
Warning: Failed to watch ref '/home/miggys12/phase-0-html-experiencing-html-lab/.git/refs/remotes/origin/master', is most likely packed.
> git config --get commit.template
> git show --textconv :index.html
> git ls-files --stage -- /home/miggys12/phase-0-html-document-structure-lab/index.html
> git cat-file -s 7c2b3d0d398c1b7e4806a8e17007324223febfc0
> git check-ignore -v -z --stdin
> git check-ignore -v -z --stdin
> git check-ignore -v -z --stdin
> git check-ignore -v -z --stdin
> git check-ignore -v -z --stdin
> git check-ignore -v -z --stdin
> git check-ignore -v -z --stdin
> git show --textconv :my_list.html
> git ls-files --stage -- /home/miggys12/phase-0-html-experiencing-html-lab/my_list.html
> git show --textconv :index.html
> git ls-files --stage -- /home/miggys12/phase-0-html-document-structure-lab/index.html
> git cat-file -s 7c2b3d0d398c1b7e4806a8e17007324223febfc0
> git show --textconv :my_list.html
> git ls-files --stage -- /home/miggys12/phase-0-html-experiencing-html-lab/my_list.html
> git status -z -u
> git symbolic-ref --short HEAD
> git for-each-ref --format=%(refname)%00%(upstream:short)%00%(upstream:track)%00%(objectname) refs/heads/master refs/remotes/master
> git for-each-ref --sort -committerdate --format %(refname) %(objectname) %(*objectname)
> git remote --verbose
Warning: Failed to watch ref '/home/miggys12/phase-0-html-experiencing-html-lab/.git/refs/remotes/origin/master', is most likely packed.
> git config --get commit.template
> git show --textconv :my_list.html
> git ls-files --stage -- /home/miggys12/phase-0-html-experiencing-html-lab/my_list.html
> git show --textconv :my_list.html
> git ls-files --stage -- /home/miggys12/phase-0-html-experiencing-html-lab/my_list.html
> git show --textconv :my_list.html
> git ls-files --stage -- /home/miggys12/phase-0-html-experiencing-html-lab/my_list.html
> git show --textconv :my_list.html
> git ls-files --stage -- /home/miggys12/phase-0-html-experiencing-html-lab/my_list.html
> git show --textconv :index.html
> git ls-files --stage -- /home/miggys12/phase-0-html-document-structure-lab/index.html
> git cat-file -s 7c2b3d0d398c1b7e4806a8e17007324223febfc0
> git show --textconv :my_list.html
> git ls-files --stage -- /home/miggys12/phase-0-html-experiencing-html-lab/my_list.html
> git show --textconv :my_list.html
> git ls-files --stage -- /home/miggys12/phase-0-html-experiencing-html-lab/my_list.html
