0 verbose cli [
0 verbose cli   '/home/miggys12/.nvm/versions/node/v15.11.0/bin/node',
0 verbose cli   '/home/miggys12/.nvm/versions/node/v15.11.0/bin/npm',
0 verbose cli   'test'
0 verbose cli ]
1 info using npm@7.6.0
2 info using node@v15.11.0
3 timing config:load:defaults Completed in 1ms
4 timing config:load:file:/home/miggys12/.nvm/versions/node/v15.11.0/lib/node_modules/npm/npmrc Completed in 0ms
5 timing config:load:builtin Completed in 0ms
6 timing config:load:cli Completed in 1ms
7 timing config:load:env Completed in 0ms
8 timing config:load:project Completed in 1ms
9 timing config:load:file:/home/miggys12/.npmrc Completed in 0ms
10 timing config:load:user Completed in 0ms
11 timing config:load:file:/home/miggys12/.nvm/versions/node/v15.11.0/etc/npmrc Completed in 0ms
12 timing config:load:global Completed in 0ms
13 timing config:load:cafile Completed in 0ms
14 timing config:load:validate Completed in 0ms
15 timing config:load:setUserAgent Completed in 1ms
16 timing config:load:setEnvs Completed in 0ms
17 timing config:load Completed in 4ms
18 verbose npm-session 9608b83b38df41b0
19 timing npm:load Completed in 11ms
20 timing command:run-script Completed in 2ms
21 timing command:test Completed in 34ms
22 verbose stack Error: ENOENT: no such file or directory, open '/home/miggys12/package.json'
23 verbose cwd /home/miggys12
24 verbose Linux 4.4.0-19041-Microsoft
25 verbose argv "/home/miggys12/.nvm/versions/node/v15.11.0/bin/node" "/home/miggys12/.nvm/versions/node/v15.11.0/bin/npm" "test"
26 verbose node v15.11.0
27 verbose npm  v7.6.0
28 error code ENOENT
29 error syscall open
30 error path /home/miggys12/package.json
31 error errno -2
32 error enoent ENOENT: no such file or directory, open '/home/miggys12/package.json'
33 error enoent This is related to npm not being able to find a file.
34 verbose exit -2
