[2021-03-27 23:25:53.033] [exthost] [info] extension host started
[2021-03-27 23:25:53.055] [exthost] [info] ExtensionService#_doActivateExtension vscode.emmet {"startup":false,"extensionId":{"value":"vscode.emmet","_lower":"vscode.emmet"},"activationEvent":"onLanguage:html"}
[2021-03-27 23:25:53.055] [exthost] [info] ExtensionService#loadCommonJSModule file:///home/miggys12/.vscode-server/bin/2b9aebd5354a3629c3aba0a5f5df49f43d6689f8/extensions/emmet/dist/node/emmetNodeMain
[2021-03-27 23:25:53.067] [exthost] [info] ExtensionService#_doActivateExtension vscode.html-language-features {"startup":false,"extensionId":{"value":"vscode.html-language-features","_lower":"vscode.html-language-features"},"activationEvent":"onLanguage:html"}
[2021-03-27 23:25:53.067] [exthost] [info] ExtensionService#loadCommonJSModule file:///home/miggys12/.vscode-server/bin/2b9aebd5354a3629c3aba0a5f5df49f43d6689f8/extensions/html-language-features/client/dist/node/htmlClientMain
[2021-03-27 23:25:53.094] [exthost] [info] ExtensionService#_doActivateExtension vscode.debug-auto-launch {"startup":true,"extensionId":{"value":"vscode.debug-auto-launch","_lower":"vscode.debug-auto-launch"},"activationEvent":"*"}
[2021-03-27 23:25:53.094] [exthost] [info] ExtensionService#loadCommonJSModule file:///home/miggys12/.vscode-server/bin/2b9aebd5354a3629c3aba0a5f5df49f43d6689f8/extensions/debug-auto-launch/dist/extension
[2021-03-27 23:25:53.097] [exthost] [info] ExtensionService#_doActivateExtension vscode.git {"startup":true,"extensionId":{"value":"vscode.github","_lower":"vscode.github"},"activationEvent":"*"}
[2021-03-27 23:25:53.097] [exthost] [info] ExtensionService#loadCommonJSModule file:///home/miggys12/.vscode-server/bin/2b9aebd5354a3629c3aba0a5f5df49f43d6689f8/extensions/git/dist/main
[2021-03-27 23:25:53.133] [exthost] [info] ExtensionService#_doActivateExtension hbenl.vscode-test-explorer {"startup":true,"extensionId":{"value":"hbenl.vscode-test-explorer","_lower":"hbenl.vscode-test-explorer"},"activationEvent":"*"}
[2021-03-27 23:25:53.133] [exthost] [info] ExtensionService#loadCommonJSModule file:///home/miggys12/.vscode-server/extensions/hbenl.vscode-test-explorer-2.19.6/out/main.js
[2021-03-27 23:25:53.147] [exthost] [info] ExtensionService#_doActivateExtension vscode.npm {"startup":true,"extensionId":{"value":"vscode.npm","_lower":"vscode.npm"},"activationEvent":"workspaceContains:package.json"}
[2021-03-27 23:25:53.147] [exthost] [info] ExtensionService#loadCommonJSModule file:///home/miggys12/.vscode-server/bin/2b9aebd5354a3629c3aba0a5f5df49f43d6689f8/extensions/npm/dist/npmMain
[2021-03-27 23:25:53.258] [exthost] [info] ExtensionService#_doActivateExtension vscode.github {"startup":true,"extensionId":{"value":"vscode.github","_lower":"vscode.github"},"activationEvent":"*"}
[2021-03-27 23:25:53.258] [exthost] [info] ExtensionService#loadCommonJSModule file:///home/miggys12/.vscode-server/bin/2b9aebd5354a3629c3aba0a5f5df49f43d6689f8/extensions/github/dist/extension.js
[2021-03-27 23:25:53.362] [exthost] [info] ExtensionService#_doActivateExtension connorshea.vscode-ruby-test-adapter {"startup":true,"extensionId":{"value":"connorshea.vscode-ruby-test-adapter","_lower":"connorshea.vscode-ruby-test-adapter"},"activationEvent":"workspaceContains:**/Rakefile,**/Gemfile,**/*.rb"}
[2021-03-27 23:25:53.362] [exthost] [info] ExtensionService#loadCommonJSModule file:///home/miggys12/.vscode-server/extensions/connorshea.vscode-ruby-test-adapter-0.8.0/out/main.js
[2021-03-27 23:25:53.394] [exthost] [info] ExtensionService#_doActivateExtension ms-vscode.js-debug {"startup":false,"extensionId":{"value":"ms-vscode.js-debug","_lower":"ms-vscode.js-debug"},"activationEvent":"onCommand:extension.js-debug.clearAutoAttachVariables"}
[2021-03-27 23:25:53.394] [exthost] [info] ExtensionService#loadCommonJSModule file:///home/miggys12/.vscode-server/bin/2b9aebd5354a3629c3aba0a5f5df49f43d6689f8/extensions/ms-vscode.js-debug/src/extension.js
[2021-03-27 23:25:53.829] [exthost] [info] ExtensionService#_doActivateExtension vscode.merge-conflict {"startup":false,"extensionId":{"value":"vscode.merge-conflict","_lower":"vscode.merge-conflict"},"activationEvent":"onStartupFinished"}
[2021-03-27 23:25:53.829] [exthost] [info] ExtensionService#loadCommonJSModule file:///home/miggys12/.vscode-server/bin/2b9aebd5354a3629c3aba0a5f5df49f43d6689f8/extensions/merge-conflict/dist/mergeConflictMain
[2021-03-27 23:25:53.834] [exthost] [info] ExtensionService#_doActivateExtension vscode.testing-editor-contributions {"startup":false,"extensionId":{"value":"vscode.testing-editor-contributions","_lower":"vscode.testing-editor-contributions"},"activationEvent":"onStartupFinished"}
[2021-03-27 23:25:53.834] [exthost] [info] ExtensionService#loadCommonJSModule file:///home/miggys12/.vscode-server/bin/2b9aebd5354a3629c3aba0a5f5df49f43d6689f8/extensions/testing-editor-contributions/dist/extension.js
[2021-03-27 23:25:53.836] [exthost] [info] eager extensions activated
[2021-03-27 23:25:54.001] [exthost] [warning] [Decorations] CAPPING events from decorations provider vscode.git 2853
[2021-03-27 23:25:56.210] [exthost] [warning] [Decorations] CAPPING events from decorations provider vscode.git 2853
[2021-03-27 23:26:01.628] [exthost] [warning] [Decorations] CAPPING events from decorations provider vscode.git 2853
[2021-03-27 23:26:07.587] [exthost] [warning] [Decorations] CAPPING events from decorations provider vscode.git 2847
[2021-03-27 23:26:13.933] [exthost] [warning] [Decorations] CAPPING events from decorations provider vscode.git 2847
[2021-03-27 23:26:19.331] [exthost] [warning] [Decorations] CAPPING events from decorations provider vscode.git 2847
[2021-03-27 23:26:24.756] [exthost] [warning] [Decorations] CAPPING events from decorations provider vscode.git 2847
[2021-03-27 23:26:30.169] [exthost] [warning] [Decorations] CAPPING events from decorations provider vscode.git 2847
[2021-03-27 23:26:35.574] [exthost] [warning] [Decorations] CAPPING events from decorations provider vscode.git 2847
[2021-03-27 23:26:40.981] [exthost] [warning] [Decorations] CAPPING events from decorations provider vscode.git 2847
[2021-03-27 23:26:46.389] [exthost] [warning] [Decorations] CAPPING events from decorations provider vscode.git 2847
[2021-03-27 23:26:51.820] [exthost] [warning] [Decorations] CAPPING events from decorations provider vscode.git 2847
[2021-03-27 23:26:57.216] [exthost] [warning] [Decorations] CAPPING events from decorations provider vscode.git 2847
[2021-03-27 23:27:02.608] [exthost] [warning] [Decorations] CAPPING events from decorations provider vscode.git 2847
[2021-03-27 23:27:08.025] [exthost] [warning] [Decorations] CAPPING events from decorations provider vscode.git 2847
[2021-03-27 23:27:13.421] [exthost] [warning] [Decorations] CAPPING events from decorations provider vscode.git 2847
[2021-03-27 23:27:18.812] [exthost] [warning] [Decorations] CAPPING events from decorations provider vscode.git 2847
[2021-03-27 23:27:24.209] [exthost] [warning] [Decorations] CAPPING events from decorations provider vscode.git 2847
[2021-03-27 23:27:29.611] [exthost] [warning] [Decorations] CAPPING events from decorations provider vscode.git 2847
[2021-03-27 23:27:35.024] [exthost] [warning] [Decorations] CAPPING events from decorations provider vscode.git 2847
[2021-03-27 23:27:40.441] [exthost] [warning] [Decorations] CAPPING events from decorations provider vscode.git 2847
[2021-03-27 23:27:45.873] [exthost] [warning] [Decorations] CAPPING events from decorations provider vscode.git 2847
[2021-03-27 23:27:51.306] [exthost] [warning] [Decorations] CAPPING events from decorations provider vscode.git 2847
[2021-03-27 23:27:56.774] [exthost] [warning] [Decorations] CAPPING events from decorations provider vscode.git 2847
[2021-03-27 23:28:02.164] [exthost] [warning] [Decorations] CAPPING events from decorations provider vscode.git 2847
[2021-03-27 23:28:07.559] [exthost] [warning] [Decorations] CAPPING events from decorations provider vscode.git 2847
[2021-03-27 23:28:12.957] [exthost] [warning] [Decorations] CAPPING events from decorations provider vscode.git 2847
[2021-03-27 23:28:18.363] [exthost] [warning] [Decorations] CAPPING events from decorations provider vscode.git 2847
[2021-03-27 23:28:23.776] [exthost] [warning] [Decorations] CAPPING events from decorations provider vscode.git 2847
[2021-03-27 23:28:29.221] [exthost] [warning] [Decorations] CAPPING events from decorations provider vscode.git 2847
[2021-03-27 23:28:34.618] [exthost] [warning] [Decorations] CAPPING events from decorations provider vscode.git 2847
[2021-03-27 23:28:40.012] [exthost] [warning] [Decorations] CAPPING events from decorations provider vscode.git 2847
[2021-03-27 23:28:45.412] [exthost] [warning] [Decorations] CAPPING events from decorations provider vscode.git 2847
[2021-03-27 23:28:50.818] [exthost] [warning] [Decorations] CAPPING events from decorations provider vscode.git 2847
[2021-03-27 23:28:56.237] [exthost] [warning] [Decorations] CAPPING events from decorations provider vscode.git 2847
[2021-03-27 23:29:01.665] [exthost] [warning] [Decorations] CAPPING events from decorations provider vscode.git 2847
[2021-03-27 23:29:11.113] [exthost] [warning] [Decorations] CAPPING events from decorations provider vscode.git 2847
[2021-03-27 23:29:16.552] [exthost] [warning] [Decorations] CAPPING events from decorations provider vscode.git 2847
[2021-03-27 23:29:21.957] [exthost] [warning] [Decorations] CAPPING events from decorations provider vscode.git 2847
[2021-03-27 23:29:27.367] [exthost] [warning] [Decorations] CAPPING events from decorations provider vscode.git 2847
[2021-03-27 23:29:32.774] [exthost] [warning] [Decorations] CAPPING events from decorations provider vscode.git 2847
[2021-03-27 23:29:38.182] [exthost] [warning] [Decorations] CAPPING events from decorations provider vscode.git 2847
[2021-03-27 23:29:43.600] [exthost] [warning] [Decorations] CAPPING events from decorations provider vscode.git 2847
[2021-03-27 23:29:49.003] [exthost] [warning] [Decorations] CAPPING events from decorations provider vscode.git 2847
[2021-03-27 23:29:54.397] [exthost] [warning] [Decorations] CAPPING events from decorations provider vscode.git 2847
[2021-03-27 23:29:59.805] [exthost] [warning] [Decorations] CAPPING events from decorations provider vscode.git 2847
[2021-03-27 23:30:05.213] [exthost] [warning] [Decorations] CAPPING events from decorations provider vscode.git 2847
[2021-03-27 23:30:10.631] [exthost] [warning] [Decorations] CAPPING events from decorations provider vscode.git 2847
[2021-03-27 23:30:16.052] [exthost] [warning] [Decorations] CAPPING events from decorations provider vscode.git 2847
[2021-03-27 23:30:21.489] [exthost] [warning] [Decorations] CAPPING events from decorations provider vscode.git 2847
[2021-03-27 23:30:26.930] [exthost] [warning] [Decorations] CAPPING events from decorations provider vscode.git 2847
[2021-03-27 23:30:32.420] [exthost] [warning] [Decorations] CAPPING events from decorations provider vscode.git 2847
[2021-03-27 23:30:37.832] [exthost] [warning] [Decorations] CAPPING events from decorations provider vscode.git 2847
[2021-03-27 23:30:43.232] [exthost] [warning] [Decorations] CAPPING events from decorations provider vscode.git 2847
[2021-03-27 23:30:48.638] [exthost] [warning] [Decorations] CAPPING events from decorations provider vscode.git 2847
[2021-03-27 23:30:54.047] [exthost] [warning] [Decorations] CAPPING events from decorations provider vscode.git 2847
[2021-03-27 23:30:59.467] [exthost] [warning] [Decorations] CAPPING events from decorations provider vscode.git 2847
[2021-03-27 23:31:04.891] [exthost] [warning] [Decorations] CAPPING events from decorations provider vscode.git 2847
[2021-03-27 23:31:10.326] [exthost] [warning] [Decorations] CAPPING events from decorations provider vscode.git 2847
[2021-03-27 23:31:15.767] [exthost] [warning] [Decorations] CAPPING events from decorations provider vscode.git 2847
[2021-03-27 23:31:21.221] [exthost] [warning] [Decorations] CAPPING events from decorations provider vscode.git 2847
[2021-03-27 23:31:26.641] [exthost] [warning] [Decorations] CAPPING events from decorations provider vscode.git 2847
[2021-03-27 23:31:32.058] [exthost] [warning] [Decorations] CAPPING events from decorations provider vscode.git 2847
[2021-03-27 23:31:37.474] [exthost] [warning] [Decorations] CAPPING events from decorations provider vscode.git 2847
[2021-03-27 23:31:42.890] [exthost] [warning] [Decorations] CAPPING events from decorations provider vscode.git 2847
[2021-03-27 23:31:48.316] [exthost] [warning] [Decorations] CAPPING events from decorations provider vscode.git 2847
[2021-03-27 23:31:53.746] [exthost] [warning] [Decorations] CAPPING events from decorations provider vscode.git 2847
[2021-03-27 23:31:59.184] [exthost] [warning] [Decorations] CAPPING events from decorations provider vscode.git 2847
[2021-03-27 23:32:04.627] [exthost] [warning] [Decorations] CAPPING events from decorations provider vscode.git 2847
[2021-03-27 23:32:10.089] [exthost] [warning] [Decorations] CAPPING events from decorations provider vscode.git 2847
[2021-03-27 23:41:52.725] [exthost] [warning] [Decorations] CAPPING events from decorations provider vscode.git 2847
[2021-03-27 23:41:58.111] [exthost] [warning] [Decorations] CAPPING events from decorations provider vscode.git 2847
[2021-03-27 23:42:03.508] [exthost] [warning] [Decorations] CAPPING events from decorations provider vscode.git 2847
[2021-03-27 23:42:08.905] [exthost] [warning] [Decorations] CAPPING events from decorations provider vscode.git 2847
[2021-03-27 23:42:14.304] [exthost] [warning] [Decorations] CAPPING events from decorations provider vscode.git 2847
[2021-03-27 23:42:19.700] [exthost] [warning] [Decorations] CAPPING events from decorations provider vscode.git 2847
[2021-03-27 23:42:25.118] [exthost] [warning] [Decorations] CAPPING events from decorations provider vscode.git 2847
[2021-03-27 23:42:30.518] [exthost] [warning] [Decorations] CAPPING events from decorations provider vscode.git 2847
[2021-03-27 23:42:35.930] [exthost] [warning] [Decorations] CAPPING events from decorations provider vscode.git 2847
[2021-03-27 23:42:41.332] [exthost] [warning] [Decorations] CAPPING events from decorations provider vscode.git 2847
[2021-03-27 23:42:46.747] [exthost] [warning] [Decorations] CAPPING events from decorations provider vscode.git 2847
[2021-03-27 23:42:52.151] [exthost] [warning] [Decorations] CAPPING events from decorations provider vscode.git 2847
[2021-03-27 23:42:57.567] [exthost] [warning] [Decorations] CAPPING events from decorations provider vscode.git 2847
[2021-03-27 23:43:02.966] [exthost] [warning] [Decorations] CAPPING events from decorations provider vscode.git 2847
[2021-03-27 23:43:08.384] [exthost] [warning] [Decorations] CAPPING events from decorations provider vscode.git 2847
[2021-03-27 23:43:13.780] [exthost] [warning] [Decorations] CAPPING events from decorations provider vscode.git 2847
[2021-03-27 23:43:19.195] [exthost] [warning] [Decorations] CAPPING events from decorations provider vscode.git 2847
[2021-03-27 23:43:24.591] [exthost] [warning] [Decorations] CAPPING events from decorations provider vscode.git 2847
[2021-03-27 23:43:30.005] [exthost] [warning] [Decorations] CAPPING events from decorations provider vscode.git 2847
[2021-03-27 23:43:35.402] [exthost] [warning] [Decorations] CAPPING events from decorations provider vscode.git 2847
[2021-03-27 23:47:18.755] [exthost] [warning] [Decorations] CAPPING events from decorations provider vscode.git 2847
[2021-03-27 23:47:24.157] [exthost] [warning] [Decorations] CAPPING events from decorations provider vscode.git 2847
[2021-03-27 23:47:29.555] [exthost] [warning] [Decorations] CAPPING events from decorations provider vscode.git 2847
[2021-03-27 23:48:16.875] [exthost] [warning] [Decorations] CAPPING events from decorations provider vscode.git 2847
[2021-03-27 23:48:22.279] [exthost] [warning] [Decorations] CAPPING events from decorations provider vscode.git 2847
[2021-03-27 23:48:33.142] [exthost] [warning] [Decorations] CAPPING events from decorations provider vscode.git 2847
[2021-03-27 23:48:38.542] [exthost] [warning] [Decorations] CAPPING events from decorations provider vscode.git 2847
[2021-03-27 23:48:43.937] [exthost] [warning] [Decorations] CAPPING events from decorations provider vscode.git 2847
[2021-03-27 23:48:49.351] [exthost] [warning] [Decorations] CAPPING events from decorations provider vscode.git 2847
[2021-03-27 23:48:54.767] [exthost] [warning] [Decorations] CAPPING events from decorations provider vscode.git 2847
[2021-03-27 23:49:07.043] [exthost] [warning] [Decorations] CAPPING events from decorations provider vscode.git 2847
[2021-03-27 23:49:12.437] [exthost] [warning] [Decorations] CAPPING events from decorations provider vscode.git 2847
[2021-03-27 23:49:17.851] [exthost] [warning] [Decorations] CAPPING events from decorations provider vscode.git 2847
[2021-03-27 23:49:46.873] [exthost] [warning] [Decorations] CAPPING events from decorations provider vscode.git 2847
[2021-03-27 23:49:52.271] [exthost] [warning] [Decorations] CAPPING events from decorations provider vscode.git 2847
[2021-03-27 23:49:57.679] [exthost] [warning] [Decorations] CAPPING events from decorations provider vscode.git 2847
[2021-03-27 23:50:03.083] [exthost] [warning] [Decorations] CAPPING events from decorations provider vscode.git 2847
[2021-03-27 23:50:08.490] [exthost] [warning] [Decorations] CAPPING events from decorations provider vscode.git 2847
[2021-03-27 23:50:13.892] [exthost] [warning] [Decorations] CAPPING events from decorations provider vscode.git 2847
[2021-03-27 23:51:18.131] [exthost] [warning] [Decorations] CAPPING events from decorations provider vscode.git 2847
[2021-03-27 23:51:23.532] [exthost] [warning] [Decorations] CAPPING events from decorations provider vscode.git 2847
[2021-03-27 23:52:23.242] [exthost] [warning] [Decorations] CAPPING events from decorations provider vscode.git 2847
[2021-03-27 23:52:28.652] [exthost] [warning] [Decorations] CAPPING events from decorations provider vscode.git 2847
[2021-03-27 23:52:34.056] [exthost] [warning] [Decorations] CAPPING events from decorations provider vscode.git 2847
[2021-03-27 23:52:39.481] [exthost] [warning] [Decorations] CAPPING events from decorations provider vscode.git 2847
[2021-03-27 23:52:44.888] [exthost] [warning] [Decorations] CAPPING events from decorations provider vscode.git 2847
[2021-03-27 23:52:50.322] [exthost] [warning] [Decorations] CAPPING events from decorations provider vscode.git 2847
[2021-03-27 23:52:55.729] [exthost] [warning] [Decorations] CAPPING events from decorations provider vscode.git 2847
[2021-03-27 23:53:01.157] [exthost] [warning] [Decorations] CAPPING events from decorations provider vscode.git 2847
[2021-03-27 23:53:06.566] [exthost] [warning] [Decorations] CAPPING events from decorations provider vscode.git 2847
[2021-03-27 23:53:11.974] [exthost] [warning] [Decorations] CAPPING events from decorations provider vscode.git 2847
[2021-03-27 23:53:17.382] [exthost] [warning] [Decorations] CAPPING events from decorations provider vscode.git 2847
[2021-03-27 23:53:22.809] [exthost] [warning] [Decorations] CAPPING events from decorations provider vscode.git 2847
[2021-03-27 23:53:28.222] [exthost] [warning] [Decorations] CAPPING events from decorations provider vscode.git 2847
[2021-03-27 23:53:33.627] [exthost] [warning] [Decorations] CAPPING events from decorations provider vscode.git 2847
[2021-03-27 23:53:39.028] [exthost] [warning] [Decorations] CAPPING events from decorations provider vscode.git 2847
[2021-03-27 23:53:44.435] [exthost] [warning] [Decorations] CAPPING events from decorations provider vscode.git 2847
[2021-03-27 23:53:49.842] [exthost] [warning] [Decorations] CAPPING events from decorations provider vscode.git 2847
[2021-03-27 23:53:54.012] [exthost] [info] ExtensionService#_doActivateExtension rebornix.ruby {"startup":false,"extensionId":{"value":"rebornix.ruby","_lower":"rebornix.ruby"},"activationEvent":"onLanguage:ruby"}
[2021-03-27 23:53:54.013] [exthost] [info] ExtensionService#loadCommonJSModule file:///home/miggys12/.vscode-server/extensions/rebornix.ruby-0.28.1/dist/client/ruby.js
[2021-03-27 23:53:55.257] [exthost] [warning] [Decorations] CAPPING events from decorations provider vscode.git 2848
[2021-03-27 23:54:00.666] [exthost] [warning] [Decorations] CAPPING events from decorations provider vscode.git 2848
[2021-03-27 23:54:06.094] [exthost] [warning] [Decorations] CAPPING events from decorations provider vscode.git 2848
[2021-03-27 23:54:11.517] [exthost] [warning] [Decorations] CAPPING events from decorations provider vscode.git 2848
[2021-03-27 23:54:16.936] [exthost] [warning] [Decorations] CAPPING events from decorations provider vscode.git 2848
[2021-03-27 23:54:22.375] [exthost] [warning] [Decorations] CAPPING events from decorations provider vscode.git 2848
[2021-03-27 23:54:35.907] [exthost] [warning] [Decorations] CAPPING events from decorations provider vscode.git 2848
[2021-03-27 23:54:41.340] [exthost] [warning] [Decorations] CAPPING events from decorations provider vscode.git 2848
[2021-03-27 23:54:46.773] [exthost] [warning] [Decorations] CAPPING events from decorations provider vscode.git 2848
[2021-03-27 23:54:52.220] [exthost] [warning] [Decorations] CAPPING events from decorations provider vscode.git 2848
[2021-03-27 23:54:57.671] [exthost] [warning] [Decorations] CAPPING events from decorations provider vscode.git 2848
[2021-03-27 23:55:03.133] [exthost] [warning] [Decorations] CAPPING events from decorations provider vscode.git 2848
[2021-03-27 23:55:36.186] [exthost] [warning] [Decorations] CAPPING events from decorations provider vscode.git 2848
[2021-03-27 23:55:41.594] [exthost] [warning] [Decorations] CAPPING events from decorations provider vscode.git 2848
[2021-03-27 23:55:47.011] [exthost] [warning] [Decorations] CAPPING events from decorations provider vscode.git 2848
[2021-03-27 23:55:52.428] [exthost] [warning] [Decorations] CAPPING events from decorations provider vscode.git 2848
[2021-03-27 23:55:57.860] [exthost] [warning] [Decorations] CAPPING events from decorations provider vscode.git 2848
[2021-03-27 23:56:03.295] [exthost] [warning] [Decorations] CAPPING events from decorations provider vscode.git 2848
[2021-03-27 23:56:08.736] [exthost] [warning] [Decorations] CAPPING events from decorations provider vscode.git 2848
[2021-03-27 23:56:14.186] [exthost] [warning] [Decorations] CAPPING events from decorations provider vscode.git 2848
[2021-03-27 23:56:19.645] [exthost] [warning] [Decorations] CAPPING events from decorations provider vscode.git 2848
[2021-03-27 23:56:25.078] [exthost] [warning] [Decorations] CAPPING events from decorations provider vscode.git 2848
[2021-03-27 23:56:30.506] [exthost] [warning] [Decorations] CAPPING events from decorations provider vscode.git 2848
[2021-03-27 23:56:35.934] [exthost] [warning] [Decorations] CAPPING events from decorations provider vscode.git 2848
[2021-03-27 23:56:41.363] [exthost] [warning] [Decorations] CAPPING events from decorations provider vscode.git 2848
[2021-03-27 23:56:46.799] [exthost] [warning] [Decorations] CAPPING events from decorations provider vscode.git 2848
[2021-03-27 23:56:52.238] [exthost] [warning] [Decorations] CAPPING events from decorations provider vscode.git 2848
[2021-03-27 23:56:57.688] [exthost] [warning] [Decorations] CAPPING events from decorations provider vscode.git 2848
[2021-03-27 23:57:03.139] [exthost] [warning] [Decorations] CAPPING events from decorations provider vscode.git 2848
[2021-03-27 23:57:08.601] [exthost] [warning] [Decorations] CAPPING events from decorations provider vscode.git 2848
[2021-03-27 23:57:14.069] [exthost] [warning] [Decorations] CAPPING events from decorations provider vscode.git 2848
[2021-03-27 23:57:19.506] [exthost] [warning] [Decorations] CAPPING events from decorations provider vscode.git 2848
[2021-03-27 23:57:24.939] [exthost] [warning] [Decorations] CAPPING events from decorations provider vscode.git 2848
[2021-03-27 23:57:30.380] [exthost] [warning] [Decorations] CAPPING events from decorations provider vscode.git 2848
[2021-03-27 23:57:35.811] [exthost] [warning] [Decorations] CAPPING events from decorations provider vscode.git 2848
[2021-03-27 23:57:41.246] [exthost] [warning] [Decorations] CAPPING events from decorations provider vscode.git 2848
[2021-03-27 23:57:46.685] [exthost] [warning] [Decorations] CAPPING events from decorations provider vscode.git 2848
[2021-03-27 23:57:52.139] [exthost] [warning] [Decorations] CAPPING events from decorations provider vscode.git 2848
[2021-03-27 23:57:57.593] [exthost] [warning] [Decorations] CAPPING events from decorations provider vscode.git 2848
[2021-03-27 23:58:03.062] [exthost] [warning] [Decorations] CAPPING events from decorations provider vscode.git 2848
[2021-03-27 23:58:08.532] [exthost] [warning] [Decorations] CAPPING events from decorations provider vscode.git 2848
[2021-03-27 23:58:14.007] [exthost] [warning] [Decorations] CAPPING events from decorations provider vscode.git 2848
[2021-03-27 23:58:19.437] [exthost] [warning] [Decorations] CAPPING events from decorations provider vscode.git 2848
[2021-03-27 23:58:24.858] [exthost] [warning] [Decorations] CAPPING events from decorations provider vscode.git 2848
[2021-03-27 23:58:30.281] [exthost] [warning] [Decorations] CAPPING events from decorations provider vscode.git 2848
[2021-03-27 23:58:35.706] [exthost] [warning] [Decorations] CAPPING events from decorations provider vscode.git 2848
[2021-03-27 23:58:41.141] [exthost] [warning] [Decorations] CAPPING events from decorations provider vscode.git 2848
[2021-03-27 23:58:46.581] [exthost] [warning] [Decorations] CAPPING events from decorations provider vscode.git 2848
[2021-03-27 23:58:52.031] [exthost] [warning] [Decorations] CAPPING events from decorations provider vscode.git 2848
[2021-03-27 23:58:57.490] [exthost] [warning] [Decorations] CAPPING events from decorations provider vscode.git 2848
[2021-03-27 23:59:02.958] [exthost] [warning] [Decorations] CAPPING events from decorations provider vscode.git 2848
[2021-03-27 23:59:08.396] [exthost] [warning] [Decorations] CAPPING events from decorations provider vscode.git 2848
[2021-03-27 23:59:13.824] [exthost] [warning] [Decorations] CAPPING events from decorations provider vscode.git 2848
[2021-03-27 23:59:19.260] [exthost] [warning] [Decorations] CAPPING events from decorations provider vscode.git 2848
[2021-03-27 23:59:24.694] [exthost] [warning] [Decorations] CAPPING events from decorations provider vscode.git 2848
[2021-03-27 23:59:30.130] [exthost] [warning] [Decorations] CAPPING events from decorations provider vscode.git 2848
[2021-03-27 23:59:35.572] [exthost] [warning] [Decorations] CAPPING events from decorations provider vscode.git 2848
[2021-03-27 23:59:41.028] [exthost] [warning] [Decorations] CAPPING events from decorations provider vscode.git 2848
[2021-03-27 23:59:46.484] [exthost] [warning] [Decorations] CAPPING events from decorations provider vscode.git 2848
[2021-03-27 23:59:51.949] [exthost] [warning] [Decorations] CAPPING events from decorations provider vscode.git 2848
[2021-03-27 23:59:57.421] [exthost] [warning] [Decorations] CAPPING events from decorations provider vscode.git 2848
[2021-03-28 00:00:02.930] [exthost] [warning] [Decorations] CAPPING events from decorations provider vscode.git 2848
[2021-03-28 00:00:30.084] [exthost] [warning] [Decorations] CAPPING events from decorations provider vscode.git 2848
[2021-03-28 00:00:35.496] [exthost] [warning] [Decorations] CAPPING events from decorations provider vscode.git 2848
[2021-03-28 00:00:40.925] [exthost] [warning] [Decorations] CAPPING events from decorations provider vscode.git 2848
[2021-03-28 00:00:46.346] [exthost] [warning] [Decorations] CAPPING events from decorations provider vscode.git 2848
[2021-03-28 00:00:51.773] [exthost] [warning] [Decorations] CAPPING events from decorations provider vscode.git 2848
[2021-03-28 00:00:57.211] [exthost] [warning] [Decorations] CAPPING events from decorations provider vscode.git 2848
[2021-03-28 00:01:02.654] [exthost] [warning] [Decorations] CAPPING events from decorations provider vscode.git 2848
[2021-03-28 00:01:08.104] [exthost] [warning] [Decorations] CAPPING events from decorations provider vscode.git 2848
[2021-03-28 00:01:13.578] [exthost] [warning] [Decorations] CAPPING events from decorations provider vscode.git 2848
[2021-03-28 00:01:19.021] [exthost] [warning] [Decorations] CAPPING events from decorations provider vscode.git 2848
[2021-03-28 00:01:24.437] [exthost] [warning] [Decorations] CAPPING events from decorations provider vscode.git 2848
[2021-03-28 00:01:29.855] [exthost] [warning] [Decorations] CAPPING events from decorations provider vscode.git 2848
[2021-03-28 00:01:35.288] [exthost] [warning] [Decorations] CAPPING events from decorations provider vscode.git 2848
[2021-03-28 00:01:40.715] [exthost] [warning] [Decorations] CAPPING events from decorations provider vscode.git 2848
[2021-03-28 00:01:46.150] [exthost] [warning] [Decorations] CAPPING events from decorations provider vscode.git 2848
[2021-03-28 00:01:51.595] [exthost] [warning] [Decorations] CAPPING events from decorations provider vscode.git 2848
[2021-03-28 00:01:57.045] [exthost] [warning] [Decorations] CAPPING events from decorations provider vscode.git 2848
[2021-03-28 00:15:46.559] [exthost] [warning] [Decorations] CAPPING events from decorations provider vscode.git 2848
[2021-03-28 00:15:51.970] [exthost] [warning] [Decorations] CAPPING events from decorations provider vscode.git 2848
[2021-03-28 00:17:12.260] [exthost] [warning] [Decorations] CAPPING events from decorations provider vscode.git 2848
[2021-03-28 00:25:05.768] [exthost] [warning] [Decorations] CAPPING events from decorations provider vscode.git 2848
[2021-03-28 00:25:11.182] [exthost] [warning] [Decorations] CAPPING events from decorations provider vscode.git 2848
[2021-03-28 00:25:16.595] [exthost] [warning] [Decorations] CAPPING events from decorations provider vscode.git 2848
[2021-03-28 00:25:22.032] [exthost] [warning] [Decorations] CAPPING events from decorations provider vscode.git 2848
[2021-03-28 00:25:27.453] [exthost] [warning] [Decorations] CAPPING events from decorations provider vscode.git 2848
[2021-03-28 00:25:32.888] [exthost] [warning] [Decorations] CAPPING events from decorations provider vscode.git 2848
[2021-03-28 00:25:38.307] [exthost] [warning] [Decorations] CAPPING events from decorations provider vscode.git 2848
[2021-03-28 00:25:43.745] [exthost] [warning] [Decorations] CAPPING events from decorations provider vscode.git 2848
[2021-03-28 00:26:26.448] [exthost] [warning] [Decorations] CAPPING events from decorations provider vscode.git 2848
[2021-03-28 00:26:31.863] [exthost] [warning] [Decorations] CAPPING events from decorations provider vscode.git 2848
[2021-03-28 00:27:54.832] [exthost] [warning] [Decorations] CAPPING events from decorations provider vscode.git 2848
[2021-03-28 00:28:00.240] [exthost] [warning] [Decorations] CAPPING events from decorations provider vscode.git 2848
[2021-03-28 00:28:05.669] [exthost] [warning] [Decorations] CAPPING events from decorations provider vscode.git 2848
[2021-03-28 00:28:11.091] [exthost] [warning] [Decorations] CAPPING events from decorations provider vscode.git 2848
[2021-03-28 00:28:16.514] [exthost] [warning] [Decorations] CAPPING events from decorations provider vscode.git 2848
[2021-03-28 00:28:21.964] [exthost] [warning] [Decorations] CAPPING events from decorations provider vscode.git 2848
[2021-03-28 00:28:27.379] [exthost] [warning] [Decorations] CAPPING events from decorations provider vscode.git 2848
[2021-03-28 00:28:32.813] [exthost] [warning] [Decorations] CAPPING events from decorations provider vscode.git 2848
[2021-03-28 00:28:38.234] [exthost] [warning] [Decorations] CAPPING events from decorations provider vscode.git 2848
[2021-03-28 00:28:43.668] [exthost] [warning] [Decorations] CAPPING events from decorations provider vscode.git 2848
[2021-03-28 00:28:49.092] [exthost] [warning] [Decorations] CAPPING events from decorations provider vscode.git 2848
[2021-03-28 00:28:54.522] [exthost] [warning] [Decorations] CAPPING events from decorations provider vscode.git 2848
[2021-03-28 00:28:59.941] [exthost] [warning] [Decorations] CAPPING events from decorations provider vscode.git 2848
[2021-03-28 00:29:05.368] [exthost] [warning] [Decorations] CAPPING events from decorations provider vscode.git 2848
[2021-03-28 00:29:10.786] [exthost] [warning] [Decorations] CAPPING events from decorations provider vscode.git 2848
[2021-03-28 00:29:16.213] [exthost] [warning] [Decorations] CAPPING events from decorations provider vscode.git 2848
[2021-03-28 00:29:21.630] [exthost] [warning] [Decorations] CAPPING events from decorations provider vscode.git 2848
[2021-03-28 00:29:27.065] [exthost] [warning] [Decorations] CAPPING events from decorations provider vscode.git 2848
[2021-03-28 00:29:32.477] [exthost] [warning] [Decorations] CAPPING events from decorations provider vscode.git 2848
[2021-03-28 00:29:37.907] [exthost] [warning] [Decorations] CAPPING events from decorations provider vscode.git 2848
[2021-03-28 00:29:43.320] [exthost] [warning] [Decorations] CAPPING events from decorations provider vscode.git 2848
[2021-03-28 00:29:48.753] [exthost] [warning] [Decorations] CAPPING events from decorations provider vscode.git 2848
[2021-03-28 00:29:54.167] [exthost] [warning] [Decorations] CAPPING events from decorations provider vscode.git 2848
[2021-03-28 00:29:59.594] [exthost] [warning] [Decorations] CAPPING events from decorations provider vscode.git 2848
[2021-03-28 00:30:05.010] [exthost] [warning] [Decorations] CAPPING events from decorations provider vscode.git 2848
[2021-03-28 00:30:10.438] [exthost] [warning] [Decorations] CAPPING events from decorations provider vscode.git 2848
[2021-03-28 00:30:15.852] [exthost] [warning] [Decorations] CAPPING events from decorations provider vscode.git 2848
[2021-03-28 00:30:21.281] [exthost] [warning] [Decorations] CAPPING events from decorations provider vscode.git 2848
[2021-03-28 00:30:26.699] [exthost] [warning] [Decorations] CAPPING events from decorations provider vscode.git 2848
[2021-03-28 00:30:32.134] [exthost] [warning] [Decorations] CAPPING events from decorations provider vscode.git 2848
[2021-03-28 00:30:37.556] [exthost] [warning] [Decorations] CAPPING events from decorations provider vscode.git 2848
[2021-03-28 00:30:42.984] [exthost] [warning] [Decorations] CAPPING events from decorations provider vscode.git 2848
[2021-03-28 00:30:48.412] [exthost] [warning] [Decorations] CAPPING events from decorations provider vscode.git 2848
[2021-03-28 00:30:53.832] [exthost] [warning] [Decorations] CAPPING events from decorations provider vscode.git 2848
[2021-03-28 00:33:47.685] [exthost] [warning] [Decorations] CAPPING events from decorations provider vscode.git 2848
[2021-03-28 00:33:53.099] [exthost] [warning] [Decorations] CAPPING events from decorations provider vscode.git 2848
[2021-03-28 00:33:58.513] [exthost] [warning] [Decorations] CAPPING events from decorations provider vscode.git 2848
[2021-03-28 00:34:03.950] [exthost] [warning] [Decorations] CAPPING events from decorations provider vscode.git 2848
[2021-03-28 00:34:09.376] [exthost] [warning] [Decorations] CAPPING events from decorations provider vscode.git 2848
[2021-03-28 00:36:32.248] [exthost] [warning] [Decorations] CAPPING events from decorations provider vscode.git 2848
[2021-03-28 00:36:37.663] [exthost] [warning] [Decorations] CAPPING events from decorations provider vscode.git 2848
[2021-03-28 00:36:56.924] [exthost] [warning] [Decorations] CAPPING events from decorations provider vscode.git 2848
[2021-03-28 00:37:02.357] [exthost] [warning] [Decorations] CAPPING events from decorations provider vscode.git 2848
[2021-03-28 00:37:22.508] [exthost] [warning] [Decorations] CAPPING events from decorations provider vscode.git 2848
[2021-03-28 00:37:27.927] [exthost] [warning] [Decorations] CAPPING events from decorations provider vscode.git 2848
[2021-03-28 00:37:46.123] [exthost] [warning] [Decorations] CAPPING events from decorations provider vscode.git 2848
[2021-03-28 00:37:51.544] [exthost] [warning] [Decorations] CAPPING events from decorations provider vscode.git 2848
[2021-03-28 00:37:56.977] [exthost] [warning] [Decorations] CAPPING events from decorations provider vscode.git 2848
[2021-03-28 00:38:02.419] [exthost] [warning] [Decorations] CAPPING events from decorations provider vscode.git 2848
[2021-03-28 00:39:26.584] [exthost] [warning] [Decorations] CAPPING events from decorations provider vscode.git 2848
[2021-03-28 00:39:31.987] [exthost] [warning] [Decorations] CAPPING events from decorations provider vscode.git 2848
[2021-03-28 00:39:37.407] [exthost] [warning] [Decorations] CAPPING events from decorations provider vscode.git 2848
[2021-03-28 00:39:42.835] [exthost] [warning] [Decorations] CAPPING events from decorations provider vscode.git 2848
[2021-03-28 00:46:46.603] [exthost] [warning] [Decorations] CAPPING events from decorations provider vscode.git 2848
[2021-03-28 00:46:52.010] [exthost] [warning] [Decorations] CAPPING events from decorations provider vscode.git 2848
[2021-03-28 00:46:57.431] [exthost] [warning] [Decorations] CAPPING events from decorations provider vscode.git 2848
[2021-03-28 00:47:02.877] [exthost] [warning] [Decorations] CAPPING events from decorations provider vscode.git 2848
[2021-03-28 00:47:08.303] [exthost] [warning] [Decorations] CAPPING events from decorations provider vscode.git 2848
[2021-03-28 00:47:13.733] [exthost] [warning] [Decorations] CAPPING events from decorations provider vscode.git 2848
[2021-03-28 00:47:19.145] [exthost] [warning] [Decorations] CAPPING events from decorations provider vscode.git 2848
[2021-03-28 00:47:24.579] [exthost] [warning] [Decorations] CAPPING events from decorations provider vscode.git 2848
[2021-03-28 00:47:29.994] [exthost] [warning] [Decorations] CAPPING events from decorations provider vscode.git 2848
[2021-03-28 00:47:35.423] [exthost] [warning] [Decorations] CAPPING events from decorations provider vscode.git 2848
[2021-03-28 00:47:40.843] [exthost] [warning] [Decorations] CAPPING events from decorations provider vscode.git 2848
[2021-03-28 00:47:46.275] [exthost] [warning] [Decorations] CAPPING events from decorations provider vscode.git 2848
[2021-03-28 00:47:51.697] [exthost] [warning] [Decorations] CAPPING events from decorations provider vscode.git 2848
[2021-03-28 00:47:57.118] [exthost] [warning] [Decorations] CAPPING events from decorations provider vscode.git 2848
[2021-03-28 00:48:02.537] [exthost] [warning] [Decorations] CAPPING events from decorations provider vscode.git 2848
[2021-03-28 00:48:07.965] [exthost] [warning] [Decorations] CAPPING events from decorations provider vscode.git 2848
[2021-03-28 00:48:13.383] [exthost] [warning] [Decorations] CAPPING events from decorations provider vscode.git 2848
[2021-03-28 00:48:18.807] [exthost] [warning] [Decorations] CAPPING events from decorations provider vscode.git 2848
[2021-03-28 00:48:24.228] [exthost] [warning] [Decorations] CAPPING events from decorations provider vscode.git 2848
[2021-03-28 00:48:29.644] [exthost] [warning] [Decorations] CAPPING events from decorations provider vscode.git 2848
[2021-03-28 00:49:50.196] [exthost] [warning] [Decorations] CAPPING events from decorations provider vscode.git 2848
[2021-03-28 00:49:55.609] [exthost] [warning] [Decorations] CAPPING events from decorations provider vscode.git 2848
[2021-03-28 00:50:01.024] [exthost] [warning] [Decorations] CAPPING events from decorations provider vscode.git 2848
[2021-03-28 00:50:06.455] [exthost] [warning] [Decorations] CAPPING events from decorations provider vscode.git 2848
[2021-03-28 00:50:11.875] [exthost] [warning] [Decorations] CAPPING events from decorations provider vscode.git 2848
[2021-03-28 00:50:17.303] [exthost] [warning] [Decorations] CAPPING events from decorations provider vscode.git 2848
[2021-03-28 00:50:22.726] [exthost] [warning] [Decorations] CAPPING events from decorations provider vscode.git 2848
[2021-03-28 00:50:28.158] [exthost] [warning] [Decorations] CAPPING events from decorations provider vscode.git 2848
[2021-03-28 00:50:33.579] [exthost] [warning] [Decorations] CAPPING events from decorations provider vscode.git 2848
[2021-03-28 00:50:39.013] [exthost] [warning] [Decorations] CAPPING events from decorations provider vscode.git 2848
[2021-03-28 00:50:44.433] [exthost] [warning] [Decorations] CAPPING events from decorations provider vscode.git 2848
[2021-03-28 00:50:49.853] [exthost] [warning] [Decorations] CAPPING events from decorations provider vscode.git 2848
[2021-03-28 00:50:55.268] [exthost] [warning] [Decorations] CAPPING events from decorations provider vscode.git 2848
[2021-03-28 00:51:00.699] [exthost] [warning] [Decorations] CAPPING events from decorations provider vscode.git 2848
[2021-03-28 00:51:06.113] [exthost] [warning] [Decorations] CAPPING events from decorations provider vscode.git 2848
[2021-03-28 00:51:11.546] [exthost] [warning] [Decorations] CAPPING events from decorations provider vscode.git 2848
[2021-03-28 00:51:27.522] [exthost] [warning] [Decorations] CAPPING events from decorations provider vscode.git 2848
[2021-03-28 00:51:32.936] [exthost] [warning] [Decorations] CAPPING events from decorations provider vscode.git 2848
[2021-03-28 00:51:38.372] [exthost] [warning] [Decorations] CAPPING events from decorations provider vscode.git 2848
[2021-03-28 00:51:43.786] [exthost] [warning] [Decorations] CAPPING events from decorations provider vscode.git 2848
[2021-03-28 00:52:28.632] [exthost] [warning] [Decorations] CAPPING events from decorations provider vscode.git 2848
[2021-03-28 00:52:34.044] [exthost] [warning] [Decorations] CAPPING events from decorations provider vscode.git 2848
[2021-03-28 00:52:39.466] [exthost] [warning] [Decorations] CAPPING events from decorations provider vscode.git 2848
[2021-03-28 00:54:05.545] [exthost] [warning] [Decorations] CAPPING events from decorations provider vscode.git 2848
[2021-03-28 00:54:10.955] [exthost] [warning] [Decorations] CAPPING events from decorations provider vscode.git 2848
[2021-03-28 00:54:16.366] [exthost] [warning] [Decorations] CAPPING events from decorations provider vscode.git 2848
[2021-03-28 00:54:21.793] [exthost] [warning] [Decorations] CAPPING events from decorations provider vscode.git 2848
[2021-03-28 00:54:27.211] [exthost] [warning] [Decorations] CAPPING events from decorations provider vscode.git 2848
[2021-03-28 00:54:32.628] [exthost] [warning] [Decorations] CAPPING events from decorations provider vscode.git 2848
[2021-03-28 00:54:38.056] [exthost] [warning] [Decorations] CAPPING events from decorations provider vscode.git 2848
[2021-03-28 00:54:43.475] [exthost] [warning] [Decorations] CAPPING events from decorations provider vscode.git 2848
[2021-03-28 00:54:48.904] [exthost] [warning] [Decorations] CAPPING events from decorations provider vscode.git 2848
[2021-03-28 00:54:54.322] [exthost] [warning] [Decorations] CAPPING events from decorations provider vscode.git 2848
[2021-03-28 00:54:59.738] [exthost] [warning] [Decorations] CAPPING events from decorations provider vscode.git 2848
[2021-03-28 00:55:05.155] [exthost] [warning] [Decorations] CAPPING events from decorations provider vscode.git 2848
[2021-03-28 00:55:10.573] [exthost] [warning] [Decorations] CAPPING events from decorations provider vscode.git 2848
[2021-03-28 00:55:15.994] [exthost] [warning] [Decorations] CAPPING events from decorations provider vscode.git 2848
[2021-03-28 00:55:21.411] [exthost] [warning] [Decorations] CAPPING events from decorations provider vscode.git 2848
[2021-03-28 00:55:26.831] [exthost] [warning] [Decorations] CAPPING events from decorations provider vscode.git 2848
[2021-03-28 00:55:32.265] [exthost] [warning] [Decorations] CAPPING events from decorations provider vscode.git 2848
[2021-03-28 00:55:37.677] [exthost] [warning] [Decorations] CAPPING events from decorations provider vscode.git 2848
[2021-03-28 00:55:43.100] [exthost] [warning] [Decorations] CAPPING events from decorations provider vscode.git 2848
[2021-03-28 00:55:48.518] [exthost] [warning] [Decorations] CAPPING events from decorations provider vscode.git 2848
[2021-03-28 00:55:53.936] [exthost] [warning] [Decorations] CAPPING events from decorations provider vscode.git 2848
[2021-03-28 00:55:59.355] [exthost] [warning] [Decorations] CAPPING events from decorations provider vscode.git 2848
[2021-03-28 00:56:04.785] [exthost] [warning] [Decorations] CAPPING events from decorations provider vscode.git 2848
[2021-03-28 00:56:10.207] [exthost] [warning] [Decorations] CAPPING events from decorations provider vscode.git 2848
[2021-03-28 00:56:15.622] [exthost] [warning] [Decorations] CAPPING events from decorations provider vscode.git 2848
[2021-03-28 00:56:21.046] [exthost] [warning] [Decorations] CAPPING events from decorations provider vscode.git 2848
[2021-03-28 00:56:26.473] [exthost] [warning] [Decorations] CAPPING events from decorations provider vscode.git 2848
[2021-03-28 00:56:31.892] [exthost] [warning] [Decorations] CAPPING events from decorations provider vscode.git 2848
[2021-03-28 00:56:37.317] [exthost] [warning] [Decorations] CAPPING events from decorations provider vscode.git 2848
[2021-03-28 00:56:42.751] [exthost] [warning] [Decorations] CAPPING events from decorations provider vscode.git 2848
[2021-03-28 00:56:48.171] [exthost] [warning] [Decorations] CAPPING events from decorations provider vscode.git 2848
[2021-03-28 00:56:53.606] [exthost] [warning] [Decorations] CAPPING events from decorations provider vscode.git 2848
[2021-03-28 00:56:59.032] [exthost] [warning] [Decorations] CAPPING events from decorations provider vscode.git 2848
[2021-03-28 00:57:04.454] [exthost] [warning] [Decorations] CAPPING events from decorations provider vscode.git 2848
[2021-03-28 00:57:09.882] [exthost] [warning] [Decorations] CAPPING events from decorations provider vscode.git 2848
[2021-03-28 00:57:15.305] [exthost] [warning] [Decorations] CAPPING events from decorations provider vscode.git 2848
[2021-03-28 00:57:20.768] [exthost] [warning] [Decorations] CAPPING events from decorations provider vscode.git 2848
[2021-03-28 00:57:26.205] [exthost] [warning] [Decorations] CAPPING events from decorations provider vscode.git 2848
[2021-03-28 00:57:31.630] [exthost] [warning] [Decorations] CAPPING events from decorations provider vscode.git 2848
[2021-03-28 00:57:37.068] [exthost] [warning] [Decorations] CAPPING events from decorations provider vscode.git 2848
[2021-03-28 00:57:42.510] [exthost] [warning] [Decorations] CAPPING events from decorations provider vscode.git 2848
[2021-03-28 00:57:47.963] [exthost] [warning] [Decorations] CAPPING events from decorations provider vscode.git 2848
[2021-03-28 00:57:53.418] [exthost] [warning] [Decorations] CAPPING events from decorations provider vscode.git 2848
[2021-03-28 00:57:58.914] [exthost] [warning] [Decorations] CAPPING events from decorations provider vscode.git 2848
[2021-03-28 00:58:04.336] [exthost] [warning] [Decorations] CAPPING events from decorations provider vscode.git 2848
[2021-03-28 00:58:09.750] [exthost] [warning] [Decorations] CAPPING events from decorations provider vscode.git 2848
[2021-03-28 00:58:15.172] [exthost] [warning] [Decorations] CAPPING events from decorations provider vscode.git 2848
[2021-03-28 00:58:20.601] [exthost] [warning] [Decorations] CAPPING events from decorations provider vscode.git 2848
[2021-03-28 00:58:26.038] [exthost] [warning] [Decorations] CAPPING events from decorations provider vscode.git 2848
[2021-03-28 00:58:31.478] [exthost] [warning] [Decorations] CAPPING events from decorations provider vscode.git 2848
[2021-03-28 00:58:36.930] [exthost] [warning] [Decorations] CAPPING events from decorations provider vscode.git 2848
[2021-03-28 00:58:42.385] [exthost] [warning] [Decorations] CAPPING events from decorations provider vscode.git 2848
[2021-03-28 00:58:47.853] [exthost] [warning] [Decorations] CAPPING events from decorations provider vscode.git 2848
[2021-03-28 00:58:53.282] [exthost] [warning] [Decorations] CAPPING events from decorations provider vscode.git 2848
[2021-03-28 00:58:58.712] [exthost] [warning] [Decorations] CAPPING events from decorations provider vscode.git 2848
[2021-03-28 00:59:04.131] [exthost] [warning] [Decorations] CAPPING events from decorations provider vscode.git 2848
[2021-03-28 00:59:09.554] [exthost] [warning] [Decorations] CAPPING events from decorations provider vscode.git 2848
[2021-03-28 00:59:14.976] [exthost] [warning] [Decorations] CAPPING events from decorations provider vscode.git 2848
[2021-03-28 00:59:20.401] [exthost] [warning] [Decorations] CAPPING events from decorations provider vscode.git 2848
[2021-03-28 00:59:25.835] [exthost] [warning] [Decorations] CAPPING events from decorations provider vscode.git 2848
[2021-03-28 00:59:31.272] [exthost] [warning] [Decorations] CAPPING events from decorations provider vscode.git 2848
[2021-03-28 00:59:36.722] [exthost] [warning] [Decorations] CAPPING events from decorations provider vscode.git 2848
[2021-03-28 00:59:42.180] [exthost] [warning] [Decorations] CAPPING events from decorations provider vscode.git 2848
[2021-03-28 00:59:47.652] [exthost] [warning] [Decorations] CAPPING events from decorations provider vscode.git 2848
[2021-03-28 00:59:53.126] [exthost] [warning] [Decorations] CAPPING events from decorations provider vscode.git 2848
[2021-03-28 00:59:58.559] [exthost] [warning] [Decorations] CAPPING events from decorations provider vscode.git 2848
[2021-03-28 01:00:03.973] [exthost] [warning] [Decorations] CAPPING events from decorations provider vscode.git 2848
[2021-03-28 01:00:09.398] [exthost] [warning] [Decorations] CAPPING events from decorations provider vscode.git 2848
[2021-03-28 01:00:14.820] [exthost] [warning] [Decorations] CAPPING events from decorations provider vscode.git 2848
[2021-03-28 01:00:20.256] [exthost] [warning] [Decorations] CAPPING events from decorations provider vscode.git 2848
[2021-03-28 01:00:25.695] [exthost] [warning] [Decorations] CAPPING events from decorations provider vscode.git 2848
[2021-03-28 01:00:31.148] [exthost] [warning] [Decorations] CAPPING events from decorations provider vscode.git 2848
[2021-03-28 01:00:36.601] [exthost] [warning] [Decorations] CAPPING events from decorations provider vscode.git 2848
[2021-03-28 01:00:42.071] [exthost] [warning] [Decorations] CAPPING events from decorations provider vscode.git 2848
[2021-03-28 01:00:47.511] [exthost] [warning] [Decorations] CAPPING events from decorations provider vscode.git 2848
[2021-03-28 01:00:52.932] [exthost] [warning] [Decorations] CAPPING events from decorations provider vscode.git 2848
[2021-03-28 01:00:58.352] [exthost] [warning] [Decorations] CAPPING events from decorations provider vscode.git 2848
[2021-03-28 01:01:03.786] [exthost] [warning] [Decorations] CAPPING events from decorations provider vscode.git 2848
[2021-03-28 01:01:09.217] [exthost] [warning] [Decorations] CAPPING events from decorations provider vscode.git 2848
[2021-03-28 01:01:14.655] [exthost] [warning] [Decorations] CAPPING events from decorations provider vscode.git 2848
[2021-03-28 01:01:20.094] [exthost] [warning] [Decorations] CAPPING events from decorations provider vscode.git 2848
[2021-03-28 01:01:25.546] [exthost] [warning] [Decorations] CAPPING events from decorations provider vscode.git 2848
[2021-03-28 01:01:31.003] [exthost] [warning] [Decorations] CAPPING events from decorations provider vscode.git 2848
[2021-03-28 01:01:36.470] [exthost] [warning] [Decorations] CAPPING events from decorations provider vscode.git 2848
[2021-03-28 01:01:41.957] [exthost] [warning] [Decorations] CAPPING events from decorations provider vscode.git 2848
[2021-03-28 01:01:47.378] [exthost] [warning] [Decorations] CAPPING events from decorations provider vscode.git 2848
[2021-03-28 01:01:52.791] [exthost] [warning] [Decorations] CAPPING events from decorations provider vscode.git 2848
[2021-03-28 01:01:58.219] [exthost] [warning] [Decorations] CAPPING events from decorations provider vscode.git 2848
[2021-03-28 01:02:03.645] [exthost] [warning] [Decorations] CAPPING events from decorations provider vscode.git 2848
[2021-03-28 01:02:09.079] [exthost] [warning] [Decorations] CAPPING events from decorations provider vscode.git 2848
[2021-03-28 01:02:14.518] [exthost] [warning] [Decorations] CAPPING events from decorations provider vscode.git 2848
[2021-03-28 01:02:19.970] [exthost] [warning] [Decorations] CAPPING events from decorations provider vscode.git 2848
[2021-03-28 01:02:25.428] [exthost] [warning] [Decorations] CAPPING events from decorations provider vscode.git 2848
[2021-03-28 01:02:30.896] [exthost] [warning] [Decorations] CAPPING events from decorations provider vscode.git 2848
[2021-03-28 01:02:36.402] [exthost] [warning] [Decorations] CAPPING events from decorations provider vscode.git 2848
[2021-03-28 01:02:41.827] [exthost] [warning] [Decorations] CAPPING events from decorations provider vscode.git 2848
[2021-03-28 01:03:03.681] [exthost] [warning] [Decorations] CAPPING events from decorations provider vscode.git 2848
[2021-03-28 01:03:09.097] [exthost] [warning] [Decorations] CAPPING events from decorations provider vscode.git 2848
[2021-03-28 01:03:14.524] [exthost] [warning] [Decorations] CAPPING events from decorations provider vscode.git 2848
[2021-03-28 01:03:19.954] [exthost] [warning] [Decorations] CAPPING events from decorations provider vscode.git 2848
[2021-03-28 01:03:25.398] [exthost] [warning] [Decorations] CAPPING events from decorations provider vscode.git 2848
[2021-03-28 01:03:30.848] [exthost] [warning] [Decorations] CAPPING events from decorations provider vscode.git 2848
[2021-03-28 01:03:36.307] [exthost] [warning] [Decorations] CAPPING events from decorations provider vscode.git 2848
[2021-03-28 01:03:41.770] [exthost] [warning] [Decorations] CAPPING events from decorations provider vscode.git 2848
[2021-03-28 01:03:47.207] [exthost] [warning] [Decorations] CAPPING events from decorations provider vscode.git 2848
[2021-03-28 01:03:52.650] [exthost] [warning] [Decorations] CAPPING events from decorations provider vscode.git 2848
[2021-03-28 01:03:58.080] [exthost] [warning] [Decorations] CAPPING events from decorations provider vscode.git 2848
[2021-03-28 01:04:03.519] [exthost] [warning] [Decorations] CAPPING events from decorations provider vscode.git 2848
[2021-03-28 01:04:08.962] [exthost] [warning] [Decorations] CAPPING events from decorations provider vscode.git 2848
[2021-03-28 01:04:14.411] [exthost] [warning] [Decorations] CAPPING events from decorations provider vscode.git 2848
[2021-03-28 01:04:19.864] [exthost] [warning] [Decorations] CAPPING events from decorations provider vscode.git 2848
[2021-03-28 01:04:25.330] [exthost] [warning] [Decorations] CAPPING events from decorations provider vscode.git 2848
[2021-03-28 01:04:30.809] [exthost] [warning] [Decorations] CAPPING events from decorations provider vscode.git 2848
[2021-03-28 01:04:36.292] [exthost] [warning] [Decorations] CAPPING events from decorations provider vscode.git 2848
[2021-03-28 01:04:41.799] [exthost] [warning] [Decorations] CAPPING events from decorations provider vscode.git 2848
[2021-03-28 01:04:47.223] [exthost] [warning] [Decorations] CAPPING events from decorations provider vscode.git 2848
[2021-03-28 01:04:52.641] [exthost] [warning] [Decorations] CAPPING events from decorations provider vscode.git 2848
[2021-03-28 01:04:58.070] [exthost] [warning] [Decorations] CAPPING events from decorations provider vscode.git 2848
[2021-03-28 01:05:03.492] [exthost] [warning] [Decorations] CAPPING events from decorations provider vscode.git 2848
[2021-03-28 01:05:08.924] [exthost] [warning] [Decorations] CAPPING events from decorations provider vscode.git 2848
[2021-03-28 01:05:14.363] [exthost] [warning] [Decorations] CAPPING events from decorations provider vscode.git 2848
[2021-03-28 01:05:19.812] [exthost] [warning] [Decorations] CAPPING events from decorations provider vscode.git 2848
[2021-03-28 01:05:25.267] [exthost] [warning] [Decorations] CAPPING events from decorations provider vscode.git 2848
[2021-03-28 01:05:30.733] [exthost] [warning] [Decorations] CAPPING events from decorations provider vscode.git 2848
[2021-03-28 01:05:36.233] [exthost] [warning] [Decorations] CAPPING events from decorations provider vscode.git 2848
[2021-03-28 01:05:41.649] [exthost] [warning] [Decorations] CAPPING events from decorations provider vscode.git 2848
[2021-03-28 01:05:47.068] [exthost] [warning] [Decorations] CAPPING events from decorations provider vscode.git 2848
[2021-03-28 01:05:52.492] [exthost] [warning] [Decorations] CAPPING events from decorations provider vscode.git 2848
[2021-03-28 01:05:57.915] [exthost] [warning] [Decorations] CAPPING events from decorations provider vscode.git 2848
[2021-03-28 01:06:03.351] [exthost] [warning] [Decorations] CAPPING events from decorations provider vscode.git 2848
[2021-03-28 01:06:08.791] [exthost] [warning] [Decorations] CAPPING events from decorations provider vscode.git 2848
[2021-03-28 01:06:14.242] [exthost] [warning] [Decorations] CAPPING events from decorations provider vscode.git 2848
[2021-03-28 01:06:19.694] [exthost] [warning] [Decorations] CAPPING events from decorations provider vscode.git 2848
[2021-03-28 01:06:25.158] [exthost] [warning] [Decorations] CAPPING events from decorations provider vscode.git 2848
[2021-03-28 01:06:30.651] [exthost] [warning] [Decorations] CAPPING events from decorations provider vscode.git 2848
[2021-03-28 01:06:36.070] [exthost] [warning] [Decorations] CAPPING events from decorations provider vscode.git 2848
[2021-03-28 01:06:41.485] [exthost] [warning] [Decorations] CAPPING events from decorations provider vscode.git 2848
[2021-03-28 01:06:46.905] [exthost] [warning] [Decorations] CAPPING events from decorations provider vscode.git 2848
[2021-03-28 01:06:52.331] [exthost] [warning] [Decorations] CAPPING events from decorations provider vscode.git 2848
[2021-03-28 01:06:57.765] [exthost] [warning] [Decorations] CAPPING events from decorations provider vscode.git 2848
[2021-03-28 01:07:03.202] [exthost] [warning] [Decorations] CAPPING events from decorations provider vscode.git 2848
[2021-03-28 01:07:08.653] [exthost] [warning] [Decorations] CAPPING events from decorations provider vscode.git 2848
[2021-03-28 01:07:14.111] [exthost] [warning] [Decorations] CAPPING events from decorations provider vscode.git 2848
[2021-03-28 01:07:19.577] [exthost] [warning] [Decorations] CAPPING events from decorations provider vscode.git 2848
[2021-03-28 01:07:25.063] [exthost] [warning] [Decorations] CAPPING events from decorations provider vscode.git 2848
[2021-03-28 01:07:30.483] [exthost] [warning] [Decorations] CAPPING events from decorations provider vscode.git 2848
[2021-03-28 01:07:35.895] [exthost] [warning] [Decorations] CAPPING events from decorations provider vscode.git 2848
[2021-03-28 01:07:41.317] [exthost] [warning] [Decorations] CAPPING events from decorations provider vscode.git 2848
[2021-03-28 01:07:46.744] [exthost] [warning] [Decorations] CAPPING events from decorations provider vscode.git 2848
[2021-03-28 01:07:52.179] [exthost] [warning] [Decorations] CAPPING events from decorations provider vscode.git 2848
[2021-03-28 01:07:57.618] [exthost] [warning] [Decorations] CAPPING events from decorations provider vscode.git 2848
[2021-03-28 01:08:03.067] [exthost] [warning] [Decorations] CAPPING events from decorations provider vscode.git 2848
[2021-03-28 01:08:08.520] [exthost] [warning] [Decorations] CAPPING events from decorations provider vscode.git 2848
[2021-03-28 01:08:13.987] [exthost] [warning] [Decorations] CAPPING events from decorations provider vscode.git 2848
[2021-03-28 01:08:19.424] [exthost] [warning] [Decorations] CAPPING events from decorations provider vscode.git 2848
[2021-03-28 01:08:24.850] [exthost] [warning] [Decorations] CAPPING events from decorations provider vscode.git 2848
[2021-03-28 01:08:30.284] [exthost] [warning] [Decorations] CAPPING events from decorations provider vscode.git 2848
[2021-03-28 01:08:35.715] [exthost] [warning] [Decorations] CAPPING events from decorations provider vscode.git 2848
[2021-03-28 01:08:41.160] [exthost] [warning] [Decorations] CAPPING events from decorations provider vscode.git 2848
[2021-03-28 01:08:46.608] [exthost] [warning] [Decorations] CAPPING events from decorations provider vscode.git 2848
[2021-03-28 01:08:52.064] [exthost] [warning] [Decorations] CAPPING events from decorations provider vscode.git 2848
[2021-03-28 01:08:57.531] [exthost] [warning] [Decorations] CAPPING events from decorations provider vscode.git 2848
[2021-03-28 01:09:03.008] [exthost] [warning] [Decorations] CAPPING events from decorations provider vscode.git 2848
[2021-03-28 01:09:08.490] [exthost] [warning] [Decorations] CAPPING events from decorations provider vscode.git 2848
[2021-03-28 01:09:13.940] [exthost] [warning] [Decorations] CAPPING events from decorations provider vscode.git 2848
[2021-03-28 01:09:19.404] [exthost] [warning] [Decorations] CAPPING events from decorations provider vscode.git 2848
[2021-03-28 01:09:24.848] [exthost] [warning] [Decorations] CAPPING events from decorations provider vscode.git 2848
[2021-03-28 01:09:30.286] [exthost] [warning] [Decorations] CAPPING events from decorations provider vscode.git 2848
[2021-03-28 01:09:35.727] [exthost] [warning] [Decorations] CAPPING events from decorations provider vscode.git 2848
[2021-03-28 01:09:41.177] [exthost] [warning] [Decorations] CAPPING events from decorations provider vscode.git 2848
[2021-03-28 01:09:46.644] [exthost] [warning] [Decorations] CAPPING events from decorations provider vscode.git 2848
[2021-03-28 01:09:52.110] [exthost] [warning] [Decorations] CAPPING events from decorations provider vscode.git 2848
[2021-03-28 01:09:57.584] [exthost] [warning] [Decorations] CAPPING events from decorations provider vscode.git 2848
[2021-03-28 01:10:03.070] [exthost] [warning] [Decorations] CAPPING events from decorations provider vscode.git 2848
[2021-03-28 01:10:08.563] [exthost] [warning] [Decorations] CAPPING events from decorations provider vscode.git 2848
[2021-03-28 01:10:14.015] [exthost] [warning] [Decorations] CAPPING events from decorations provider vscode.git 2848
[2021-03-28 01:10:19.448] [exthost] [warning] [Decorations] CAPPING events from decorations provider vscode.git 2848
[2021-03-28 01:10:24.867] [exthost] [warning] [Decorations] CAPPING events from decorations provider vscode.git 2848
[2021-03-28 01:10:30.297] [exthost] [warning] [Decorations] CAPPING events from decorations provider vscode.git 2848
[2021-03-28 01:10:35.728] [exthost] [warning] [Decorations] CAPPING events from decorations provider vscode.git 2848
[2021-03-28 01:10:41.161] [exthost] [warning] [Decorations] CAPPING events from decorations provider vscode.git 2848
[2021-03-28 01:10:46.600] [exthost] [warning] [Decorations] CAPPING events from decorations provider vscode.git 2848
[2021-03-28 01:10:52.050] [exthost] [warning] [Decorations] CAPPING events from decorations provider vscode.git 2848
[2021-03-28 01:10:57.505] [exthost] [warning] [Decorations] CAPPING events from decorations provider vscode.git 2848
[2021-03-28 01:11:02.971] [exthost] [warning] [Decorations] CAPPING events from decorations provider vscode.git 2848
[2021-03-28 01:11:08.412] [exthost] [warning] [Decorations] CAPPING events from decorations provider vscode.git 2848
[2021-03-28 01:11:13.831] [exthost] [warning] [Decorations] CAPPING events from decorations provider vscode.git 2848
[2021-03-28 01:11:19.246] [exthost] [warning] [Decorations] CAPPING events from decorations provider vscode.git 2848
[2021-03-28 01:11:24.669] [exthost] [warning] [Decorations] CAPPING events from decorations provider vscode.git 2848
[2021-03-28 01:11:30.093] [exthost] [warning] [Decorations] CAPPING events from decorations provider vscode.git 2848
[2021-03-28 01:11:35.527] [exthost] [warning] [Decorations] CAPPING events from decorations provider vscode.git 2848
[2021-03-28 01:11:40.968] [exthost] [warning] [Decorations] CAPPING events from decorations provider vscode.git 2848
[2021-03-28 01:11:46.417] [exthost] [warning] [Decorations] CAPPING events from decorations provider vscode.git 2848
[2021-03-28 01:11:51.873] [exthost] [warning] [Decorations] CAPPING events from decorations provider vscode.git 2848
[2021-03-28 01:12:51.751] [exthost] [warning] [Decorations] CAPPING events from decorations provider vscode.git 2848
[2021-03-28 01:12:57.184] [exthost] [warning] [Decorations] CAPPING events from decorations provider vscode.git 2848
[2021-03-28 01:13:02.609] [exthost] [warning] [Decorations] CAPPING events from decorations provider vscode.git 2848
[2021-03-28 01:13:08.037] [exthost] [warning] [Decorations] CAPPING events from decorations provider vscode.git 2848
[2021-03-28 01:13:13.472] [exthost] [warning] [Decorations] CAPPING events from decorations provider vscode.git 2849
[2021-03-28 01:13:18.928] [exthost] [warning] [Decorations] CAPPING events from decorations provider vscode.git 2849
[2021-03-28 01:13:24.377] [exthost] [warning] [Decorations] CAPPING events from decorations provider vscode.git 2849
[2021-03-28 01:13:29.836] [exthost] [warning] [Decorations] CAPPING events from decorations provider vscode.git 2849
[2021-03-28 01:13:35.308] [exthost] [warning] [Decorations] CAPPING events from decorations provider vscode.git 2849
[2021-03-28 01:13:40.794] [exthost] [warning] [Decorations] CAPPING events from decorations provider vscode.git 2849
[2021-03-28 01:13:46.277] [exthost] [warning] [Decorations] CAPPING events from decorations provider vscode.git 2849
[2021-03-28 01:13:51.796] [exthost] [warning] [Decorations] CAPPING events from decorations provider vscode.git 2849
[2021-03-28 01:13:57.223] [exthost] [warning] [Decorations] CAPPING events from decorations provider vscode.git 2848
[2021-03-28 01:14:02.663] [exthost] [warning] [Decorations] CAPPING events from decorations provider vscode.git 2848
[2021-03-28 01:14:08.082] [exthost] [warning] [Decorations] CAPPING events from decorations provider vscode.git 2848
[2021-03-28 01:14:13.510] [exthost] [warning] [Decorations] CAPPING events from decorations provider vscode.git 2848
[2021-03-28 01:14:18.939] [exthost] [warning] [Decorations] CAPPING events from decorations provider vscode.git 2848
[2021-03-28 01:14:24.370] [exthost] [warning] [Decorations] CAPPING events from decorations provider vscode.git 2848
[2021-03-28 01:14:29.810] [exthost] [warning] [Decorations] CAPPING events from decorations provider vscode.git 2848
[2021-03-28 01:14:35.255] [exthost] [warning] [Decorations] CAPPING events from decorations provider vscode.git 2848
[2021-03-28 01:14:40.722] [exthost] [warning] [Decorations] CAPPING events from decorations provider vscode.git 2848
[2021-03-28 01:14:46.146] [exthost] [warning] [Decorations] CAPPING events from decorations provider vscode.git 2848
[2021-03-28 01:14:51.568] [exthost] [warning] [Decorations] CAPPING events from decorations provider vscode.git 2848
[2021-03-28 01:14:57.003] [exthost] [warning] [Decorations] CAPPING events from decorations provider vscode.git 2848
[2021-03-28 01:15:02.434] [exthost] [warning] [Decorations] CAPPING events from decorations provider vscode.git 2848
[2021-03-28 01:15:07.893] [exthost] [warning] [Decorations] CAPPING events from decorations provider vscode.git 2848
[2021-03-28 01:15:13.343] [exthost] [warning] [Decorations] CAPPING events from decorations provider vscode.git 2848
[2021-03-28 01:15:18.800] [exthost] [warning] [Decorations] CAPPING events from decorations provider vscode.git 2848
[2021-03-28 01:15:24.258] [exthost] [warning] [Decorations] CAPPING events from decorations provider vscode.git 2848
[2021-03-28 01:15:29.737] [exthost] [warning] [Decorations] CAPPING events from decorations provider vscode.git 2848
[2021-03-28 01:17:09.652] [exthost] [warning] [Decorations] CAPPING events from decorations provider vscode.git 2848
[2021-03-28 01:17:15.068] [exthost] [warning] [Decorations] CAPPING events from decorations provider vscode.git 2848
[2021-03-28 01:17:20.487] [exthost] [warning] [Decorations] CAPPING events from decorations provider vscode.git 2848
[2021-03-28 01:17:25.919] [exthost] [warning] [Decorations] CAPPING events from decorations provider vscode.git 2848
[2021-03-28 01:17:31.346] [exthost] [warning] [Decorations] CAPPING events from decorations provider vscode.git 2848
[2021-03-28 01:17:36.779] [exthost] [warning] [Decorations] CAPPING events from decorations provider vscode.git 2848
[2021-03-28 01:17:42.206] [exthost] [warning] [Decorations] CAPPING events from decorations provider vscode.git 2848
[2021-03-28 01:17:47.627] [exthost] [warning] [Decorations] CAPPING events from decorations provider vscode.git 2848
[2021-03-28 01:17:53.056] [exthost] [warning] [Decorations] CAPPING events from decorations provider vscode.git 2848
[2021-03-28 01:17:58.491] [exthost] [warning] [Decorations] CAPPING events from decorations provider vscode.git 2848
[2021-03-28 01:18:03.935] [exthost] [warning] [Decorations] CAPPING events from decorations provider vscode.git 2848
[2021-03-28 01:18:40.728] [exthost] [warning] [Decorations] CAPPING events from decorations provider vscode.git 2848
[2021-03-28 01:18:46.152] [exthost] [warning] [Decorations] CAPPING events from decorations provider vscode.git 2848
[2021-03-28 01:18:51.580] [exthost] [warning] [Decorations] CAPPING events from decorations provider vscode.git 2848
[2021-03-28 01:18:55.776] [exthost] [info] extension host terminating: received terminate message from renderer
[2021-03-28 01:18:56.804] [exthost] [info] exiting with code 0
