[2021-03-27 23:05:14.403] [exthost] [info] extension host started
[2021-03-27 23:05:14.479] [exthost] [info] ExtensionService#_doActivateExtension vscode.emmet {"startup":false,"extensionId":{"value":"vscode.emmet","_lower":"vscode.emmet"},"activationEvent":"onLanguage:html"}
[2021-03-27 23:05:14.479] [exthost] [info] ExtensionService#loadCommonJSModule file:///home/miggys12/.vscode-server/bin/2b9aebd5354a3629c3aba0a5f5df49f43d6689f8/extensions/emmet/dist/node/emmetNodeMain
[2021-03-27 23:05:14.494] [exthost] [info] ExtensionService#_doActivateExtension vscode.html-language-features {"startup":false,"extensionId":{"value":"vscode.html-language-features","_lower":"vscode.html-language-features"},"activationEvent":"onLanguage:html"}
[2021-03-27 23:05:14.494] [exthost] [info] ExtensionService#loadCommonJSModule file:///home/miggys12/.vscode-server/bin/2b9aebd5354a3629c3aba0a5f5df49f43d6689f8/extensions/html-language-features/client/dist/node/htmlClientMain
[2021-03-27 23:05:14.522] [exthost] [info] ExtensionService#_doActivateExtension vscode.debug-auto-launch {"startup":true,"extensionId":{"value":"vscode.debug-auto-launch","_lower":"vscode.debug-auto-launch"},"activationEvent":"*"}
[2021-03-27 23:05:14.522] [exthost] [info] ExtensionService#loadCommonJSModule file:///home/miggys12/.vscode-server/bin/2b9aebd5354a3629c3aba0a5f5df49f43d6689f8/extensions/debug-auto-launch/dist/extension
[2021-03-27 23:05:14.528] [exthost] [info] ExtensionService#_doActivateExtension vscode.git {"startup":true,"extensionId":{"value":"vscode.github","_lower":"vscode.github"},"activationEvent":"*"}
[2021-03-27 23:05:14.528] [exthost] [info] ExtensionService#loadCommonJSModule file:///home/miggys12/.vscode-server/bin/2b9aebd5354a3629c3aba0a5f5df49f43d6689f8/extensions/git/dist/main
[2021-03-27 23:05:14.568] [exthost] [info] ExtensionService#_doActivateExtension hbenl.vscode-test-explorer {"startup":true,"extensionId":{"value":"hbenl.vscode-test-explorer","_lower":"hbenl.vscode-test-explorer"},"activationEvent":"*"}
[2021-03-27 23:05:14.568] [exthost] [info] ExtensionService#loadCommonJSModule file:///home/miggys12/.vscode-server/extensions/hbenl.vscode-test-explorer-2.19.6/out/main.js
[2021-03-27 23:05:14.584] [exthost] [info] ExtensionService#_doActivateExtension vscode.npm {"startup":true,"extensionId":{"value":"vscode.npm","_lower":"vscode.npm"},"activationEvent":"workspaceContains:package.json"}
[2021-03-27 23:05:14.584] [exthost] [info] ExtensionService#loadCommonJSModule file:///home/miggys12/.vscode-server/bin/2b9aebd5354a3629c3aba0a5f5df49f43d6689f8/extensions/npm/dist/npmMain
[2021-03-27 23:05:14.726] [exthost] [info] ExtensionService#_doActivateExtension vscode.github {"startup":true,"extensionId":{"value":"vscode.github","_lower":"vscode.github"},"activationEvent":"*"}
[2021-03-27 23:05:14.726] [exthost] [info] ExtensionService#loadCommonJSModule file:///home/miggys12/.vscode-server/bin/2b9aebd5354a3629c3aba0a5f5df49f43d6689f8/extensions/github/dist/extension.js
[2021-03-27 23:05:14.864] [exthost] [info] ExtensionService#_doActivateExtension connorshea.vscode-ruby-test-adapter {"startup":true,"extensionId":{"value":"connorshea.vscode-ruby-test-adapter","_lower":"connorshea.vscode-ruby-test-adapter"},"activationEvent":"workspaceContains:**/Rakefile,**/Gemfile,**/*.rb"}
[2021-03-27 23:05:14.864] [exthost] [info] ExtensionService#loadCommonJSModule file:///home/miggys12/.vscode-server/extensions/connorshea.vscode-ruby-test-adapter-0.8.0/out/main.js
[2021-03-27 23:05:14.941] [exthost] [info] ExtensionService#_doActivateExtension ms-vscode.js-debug {"startup":false,"extensionId":{"value":"ms-vscode.js-debug","_lower":"ms-vscode.js-debug"},"activationEvent":"onCommand:extension.js-debug.clearAutoAttachVariables"}
[2021-03-27 23:05:14.941] [exthost] [info] ExtensionService#loadCommonJSModule file:///home/miggys12/.vscode-server/bin/2b9aebd5354a3629c3aba0a5f5df49f43d6689f8/extensions/ms-vscode.js-debug/src/extension.js
[2021-03-27 23:05:15.564] [exthost] [info] ExtensionService#_doActivateExtension vscode.merge-conflict {"startup":false,"extensionId":{"value":"vscode.merge-conflict","_lower":"vscode.merge-conflict"},"activationEvent":"onStartupFinished"}
[2021-03-27 23:05:15.564] [exthost] [info] ExtensionService#loadCommonJSModule file:///home/miggys12/.vscode-server/bin/2b9aebd5354a3629c3aba0a5f5df49f43d6689f8/extensions/merge-conflict/dist/mergeConflictMain
[2021-03-27 23:05:15.568] [exthost] [info] ExtensionService#_doActivateExtension vscode.testing-editor-contributions {"startup":false,"extensionId":{"value":"vscode.testing-editor-contributions","_lower":"vscode.testing-editor-contributions"},"activationEvent":"onStartupFinished"}
[2021-03-27 23:05:15.568] [exthost] [info] ExtensionService#loadCommonJSModule file:///home/miggys12/.vscode-server/bin/2b9aebd5354a3629c3aba0a5f5df49f43d6689f8/extensions/testing-editor-contributions/dist/extension.js
[2021-03-27 23:05:15.569] [exthost] [info] eager extensions activated
[2021-03-27 23:13:18.342] [exthost] [warning] [Decorations] CAPPING events from decorations provider vscode.git 2850
[2021-03-27 23:13:20.412] [exthost] [warning] [Decorations] CAPPING events from decorations provider vscode.git 2850
[2021-03-27 23:13:25.800] [exthost] [warning] [Decorations] CAPPING events from decorations provider vscode.git 2850
[2021-03-27 23:13:31.205] [exthost] [warning] [Decorations] CAPPING events from decorations provider vscode.git 2850
[2021-03-27 23:13:36.611] [exthost] [warning] [Decorations] CAPPING events from decorations provider vscode.git 2850
[2021-03-27 23:13:42.002] [exthost] [warning] [Decorations] CAPPING events from decorations provider vscode.git 2850
[2021-03-27 23:13:47.406] [exthost] [warning] [Decorations] CAPPING events from decorations provider vscode.git 2850
[2021-03-27 23:13:52.800] [exthost] [warning] [Decorations] CAPPING events from decorations provider vscode.git 2849
[2021-03-27 23:13:58.209] [exthost] [warning] [Decorations] CAPPING events from decorations provider vscode.git 2849
[2021-03-27 23:14:03.618] [exthost] [warning] [Decorations] CAPPING events from decorations provider vscode.git 2849
[2021-03-27 23:14:09.040] [exthost] [warning] [Decorations] CAPPING events from decorations provider vscode.git 2849
[2021-03-27 23:14:14.468] [exthost] [warning] [Decorations] CAPPING events from decorations provider vscode.git 2849
[2021-03-27 23:14:19.912] [exthost] [warning] [Decorations] CAPPING events from decorations provider vscode.git 2849
[2021-03-27 23:14:25.361] [exthost] [warning] [Decorations] CAPPING events from decorations provider vscode.git 2849
[2021-03-27 23:14:30.771] [exthost] [warning] [Decorations] CAPPING events from decorations provider vscode.git 2849
[2021-03-27 23:14:36.177] [exthost] [warning] [Decorations] CAPPING events from decorations provider vscode.git 2849
[2021-03-27 23:25:28.800] [exthost] [info] extension host terminating: received terminate message from renderer
[2021-03-27 23:25:29.810] [exthost] [info] exiting with code 0
